----------------- Options ---------------
             aspect_ratio: 1.0                           
               batch_size: 1                             
          checkpoints_dir: ./checkpoints                 
                crop_size: 256                           
                 dataroot: ./datasets/waymo2bdd100k      	[default: None]
             dataset_mode: single                        
                direction: AtoB                          
          display_winsize: 256                           
                    epoch: latest                        
                     eval: False                         
                  gpu_ids: 0                             
                init_gain: 0.02                          
                init_type: normal                        
                 input_nc: 3                             
                  isTrain: False                         	[default: None]
                load_iter: 0                             	[default: 0]
                load_size: 256                           
         max_dataset_size: inf                           
                    model: test                          
             model_suffix:                               
               n_layers_D: 3                             
                     name: waymo2bdd100k                 	[default: experiment_name]
                      ndf: 64                            
                     netD: basic                         
                     netG: resnet_9blocks                
                      ngf: 64                            
               no_dropout: True                          	[default: False]
                  no_flip: False                         
                     norm: instance                      
                 num_test: 50                            
              num_threads: 4                             
                output_nc: 3                             
                    phase: test                          
               preprocess: resize_and_crop               
              results_dir: ./results/                    
           serial_batches: False                         
                   suffix:                               
                use_wandb: False                         
                  verbose: False                         
       wandb_project_name: CycleGAN-and-pix2pix          
----------------- End -------------------
dataset [SingleDataset] was created
initialize network with normal
model [TestModel] was created
loading the model from ./checkpoints/waymo2bdd100k/latest_net_G.pth
Traceback (most recent call last):
  File "/home/mundus/hrashid173/CycleGAN-master/test.py", line 52, in <module>
    model.setup(opt)               # regular setup: load and print networks; create schedulers
  File "/home/mundus/hrashid173/CycleGAN-master/models/base_model.py", line 88, in setup
    self.load_networks(load_suffix)
  File "/home/mundus/hrashid173/CycleGAN-master/models/base_model.py", line 192, in load_networks
    state_dict = torch.load(load_path, map_location=str(self.device))
  File "/home/mundus/hrashid173/.local/lib/python3.9/site-packages/torch/serialization.py", line 1479, in load
    with _open_file_like(f, "rb") as opened_file:
  File "/home/mundus/hrashid173/.local/lib/python3.9/site-packages/torch/serialization.py", line 759, in _open_file_like
    return _open_file(name_or_buffer, mode)
  File "/home/mundus/hrashid173/.local/lib/python3.9/site-packages/torch/serialization.py", line 740, in __init__
    super().__init__(open(name, mode))
FileNotFoundError: [Errno 2] No such file or directory: './checkpoints/waymo2bdd100k/latest_net_G.pth'
/var/spool/slurmd/job155545/slurm_script: line 19: --preprocess: command not found
/var/spool/slurmd/job155545/slurm_script: line 20: --use_wandb: command not found
