----------------- Options ---------------
             aspect_ratio: 1.0                           
               batch_size: 1                             
          checkpoints_dir: ./checkpoints                 
                crop_size: 256                           
                 dataroot: ./datasets/waymo2bdd100k      	[default: None]
             dataset_mode: unaligned                     
                direction: AtoB                          
          display_winsize: 256                           
                    epoch: latest                        
                     eval: False                         
                  gpu_ids: 0                             
                init_gain: 0.02                          
                init_type: normal                        
                 input_nc: 3                             
                  isTrain: False                         	[default: None]
                load_iter: 0                             	[default: 0]
                load_size: 256                           
         max_dataset_size: inf                           
                    model: cycle_gan                     	[default: test]
               n_layers_D: 3                             
                     name: waymo2bdd100k                 	[default: experiment_name]
                      ndf: 64                            
                     netD: basic                         
                     netG: resnet_9blocks                
                      ngf: 64                            
               no_dropout: True                          
                  no_flip: False                         
                     norm: instance                      
                 num_test: 50                            
              num_threads: 4                             
                output_nc: 3                             
                    phase: test                          
               preprocess: none                          	[default: resize_and_crop]
              results_dir: ./results/                    
           serial_batches: False                         
                   suffix:                               
                use_wandb: True                          	[default: False]
                  verbose: False                         
       wandb_project_name: CycleGAN-and-pix2pix          
----------------- End -------------------
Traceback (most recent call last):
  File "/home/mundus/hrashid173/CycleGAN-master/test.py", line 50, in <module>
    dataset = create_dataset(opt)  # create a dataset given opt.dataset_mode and other options
  File "/home/mundus/hrashid173/CycleGAN-master/data/__init__.py", line 57, in create_dataset
    data_loader = CustomDatasetDataLoader(opt)
  File "/home/mundus/hrashid173/CycleGAN-master/data/__init__.py", line 73, in __init__
    self.dataset = dataset_class(opt)
  File "/home/mundus/hrashid173/CycleGAN-master/data/unaligned_dataset.py", line 30, in __init__
    self.B_paths = sorted(make_dataset(self.dir_B, opt.max_dataset_size))    # load images from '/path/to/data/trainB'
  File "/home/mundus/hrashid173/CycleGAN-master/data/image_folder.py", line 25, in make_dataset
    assert os.path.isdir(dir), '%s is not a valid directory' % dir
AssertionError: ./datasets/waymo2bdd100k/testB is not a valid directory
